CCCTGGTGACCCCAGATCCAGCCGTTGTAGTGGTCCA
CCCTGGTGACCCCAGATCCAGCCGTTGTAGTGGTCCA
CCCTGGTGACCCCAGATCCAGCCGTTGTAGTGGTCCA
CCCTGGTGACCCCAGATCCAGCCGTTGTAGTGGTCCA
CCCTGGTGACCCCAGATCCAGCCGTTGTAGTGGTCCA
CCCTGGTGACCCCAGATCCAGCCGTTGTAGTGGTCCA
CCCTGGTGACCCCAGATCCAGCCGTTGTAGTGGTCCA
CCCTGGTGACCCCAGATCCAGCCGTTGTAGTGGTCCA
CCCTGGTGACCCCAGATCCAGCCGTTGTAGTGGTCCA
CCCTGGTGACCCCAGATCCAGCCGTTGTAGTGGTCCA
CCCTGGTGACCCCAGATCCAGCCGTTGTAGTGGTCCA
CCCTGGTGACCCCAGATCCAGCCGTTGTAGTGGTCCA
CCCTGGTGACCCCAGATCCAGCCGTTGTAGTGGTCCA
CCCTGGTGACCCCAGATCCAGCCGTTGTAGTGGTCCA
CCCTGGTGACCCCAGATCCAGCCGTTGTAGTGGTCCA
CCCTGGTGACCCCAGATCCAGCCGTTGTAGTGGTCCA
CCCTGGTGACCCCAGATCCAGCCGTTGTAGTGGTCCA
CCCTGGTGACCCCAGATCCAGCCGTTGTAGTGGTCCA
CCCTGGTGACCCCAGATCCAGCCGTTGTAGTGGTCCA
CCCTGGTGACCCCAGATCCAGCCGTTGTAGTGGTCCA
CCCTGGTGACCCCAGATCCAGCCGTTGTAGTGGTCCG
CCCTGGTGACCCCAGATCCAGCCGTTGTAGTGGTCCA
CCCTGGTGACCCCAGGTCCA
CCCTGGTGACCCCAGATCCAGCTGTTGTAGTGGTCCA
CCCTGGTGACCCCAGATCCAGCCGTTGTAGTGTCCA
CCCTGGTGACCCCAGATGCAGCCGTTGTAGTGGTCCA
CCCTGGTGACCCCAGATCCAGCCGTTGTAGTGGTCCA
CCCTGGTGACCCCAGATCCAGCCGTTGTAGTGGTCCA
CCCTGGTGACCCCAGATCCAGCCGTTGTAGTGGTCCA
CCCTGGTGACCCCAGATCCAGCCGTTGTAGTGGTCCA
CCCTGGTGACCCCAGATCCAGCCGTTGTAGTGGTCCA
CCCTGGTGACCCCAGATCCAGCCGTTGTAGTGGTCCA
CCCTGGTGACCCCAGATCCAGCCGTTGTAGTGGTCCA
CCCTGGTGACCCCAGATCCAGCCGTTGTAGTGGTCCA
CCCTGGTGACCCCAGATCCAGCCGTTGTAGTGGTCCA
CCCTGGTGACCCCAGATCCAGCCGTTGTAGTGGTCCA
CCCTGGTGACCCCAGATCCAGCCGTTGTAGTGGTCCA
CCCTGGTGACCCCAGATCCAGCCGTTGTAGTGGTCCA
CCCTGGTGACCCCAGATCCAGCCGTTGTAGTGGTCCA
CCCTGGTGACCCCAGATCCAGCCGTTGTAGTGGTCCA
CCCTGGTGACCCCAGATCCAGCCGTTGTAGTGGTCCA
CCCTGGTGACCCCAGATCCAGCCGTTGTAGTGGTCCA
CCCTGGTGACCCCAGATCCAGCCGTTGTAGTGGTCCA
CCCTGGTGACCCCAGATCCAGCCGTTGTAGTGGTCCA
CCCTGGTGACCCCAGATCCAGCCGTTGTAGTGGTCCA
CCCTGGTGACCCCAGATCCAGCCGTTGTAGTGGTCCA
CCCTGGTGACCCCAGATCCA
CCCTGGTGACCCCAGATCCAGCCGTTGTAGTGGTCCA
CCCTGGTGACCCCAGATCCAGCCGTTGTAGTGGTCCA
CCCTGGTGACCCCAGATCCAGCCGTTGTAGTGGTCCA
CCCTGGTGACCCCAGGTCCA
CCCTGGTGACCCCAGATCCAGCCGTTGTAGTGGTCCA
CCCTGGTGACCCCAGATCCAGCCGTTGTAGTGGTCCA
CCCTGGTGACCCCAGATCCAGCCGTTGTAGTGGTCCA
CCCTGGTGACCCCAGATCCAGCCGTTGTAGTGGTCCA
CCCTGGTGACCCCAGATCCAGCCGTTGTAGTGGTCCA
CCCTGGTGACCCCAGATCCAGCCGTTGTAGTGGTCCA
CCCTGGTGACCCCAGATCCAGCCGTTGTAGTGGTCCA
CCCTGGTGACCCCAGATCCAGCCGTTGTAGTGGTCCA
CCCTGGTGACCCCAGATCCAGCCGTTGTAGTGGTCCA
CCCTGGTGACCCCAGATCCAGCCGTTGTAGTGGTCCA
CCCTGGTGACCCCAGATCCAGCCGTTGTAGTGGTCCA
CCCTGGTGACCCCAGATCCAGCCGTTGTAGTGGTCCA
CCCTGGTGACCCCAGATCCAGCCGTTGTAGTGGTCCA
CCCTGGTGACCCCAGATCCAGCCGTTGTAGTGGTCCA
CCCTGGTGACCCCAGATCCAGCCGTTGTAGTGGTCCA
CCCTGGTGACCCCAGATCCAGCCGTTGTAGTGGTCCA
CCCTGGTGACCCCAGATCCAGCCGTTGTAGTGGTCCA
CCCTGGTGACCCCAGATCCAGCCGTTGTAGTGGTCCA
CCCTGGTGACCCCAGATCCAGCCGTTGTAGTGGTCCA
CCCTGGTGACCCCAGATCCAGCCGTTGTAGTGGTCCA
CCCTGGTGACCCCAGATCCAGCCGTTGTAGTGGTCCA
CCCTGGTGACCCCAGATCCAGCCGTTGTAGTGGTCCA
CCCTGGTGACCCCAGATCCAGCCGTTGTAGTGGTCCA
CCCTGGTGACCCCAGATCCAGCCGTTGTAGTGGTCCA
CCCTGGTGACCCCAGATCCAGCCGTTGTAGTGGTCCA
CCCTGGTGACCCCAGATCCAGCCGTTGTAGTGGTCCA
CCCTGGTGACCCCAGATCCAGCCGTTGTAGTGGTCCA
CCCTGGTGACCCCAGATCCAGCCGTTGTAGTGGTCCA
CCCTGGTGACCCCAGATCCAGCCGTTGTAGTGGTCCA
CCCTGGTGACCCCAGATCCAGCCGTTGTAGTGGTCCA
CCCTGGTGACCCCAGATCCAGCCGTTGTAGTGGTCCA
CCCTGGTGACCCCAGACCCAGCCGTTGTAGTGGTCCA
CCCTGGTGACCCCAGATCCAGCCGTTGTAGTGGTCCA
CCCTGGTGACCCCAGATCCAGCCGTTGTAGTGGTCCA
CCCTGGTGACCCCAGATCCAGCCGTTGTAGTGGTCCA
CCCTGGTGACCCCAGATCCAGCCGTTGTAGTGGTCCA
CCCTGGTGACCCCAGATCCAGCCGTTGTAGTGGTCCA
CCCTGGTGACCCCAGATCCAGCCGTTGTAGTGGTCCA
CCCTGGTGACCCCAGATCCAGCCGTTGTAGTGGTCCA
CCCTGGTGACCCCAGATCCAGCCGTTGTAGTGGTCCA
CCCTGGTGACCCCAGATCCAGCCGTTGTAGTGGTCCA
CCCTGGTGACCCCAGATCCAGCCGTTGTAGTGGTCCA
CCCTGGTGACCCCAGATCCAGCCGTTGTAGTGGTCCA
CCCTGGTGACCCCAGATCCAGCCGTTGTAGTGGTCCA
CCCTGGTGACCCCAGATCCAGCCGTTGTAGTGGTCCA
CCCTGGTGACCCCAGATCCAGCCGTTGTAGTGGTCCA
CCCTGGTGACCCCAGATCCAGCCGTTGTAGTGGTCCA
CCCTGGTGACCCCAGATCCAGCCGTTGTAGTGGTCCA
CCCTGGTGACCCCAGATCCAGCCGTTGTAGTGGTCCA
CCCTGGTGACCCCAGATCCAGCCGTTGTAGTGGTCCA
CCCTGGTGACCCCAGATCCAGCCGTTGTAGTGGTCCA
CCCTGGTGACCCCAGATCCAGCCGTTGTAGTGGTCCA
CCCTGGTGACCCCAGATCCAGCCGTTGTAGTGGTCCA
CCCTGGTGACCCCAGATCCAGCCGTTGTAGTGGTCCA
CCCTGGTGACCCCAGATCCAGCCGTTGTAGTGGTCCA
CCCTGGTGACCCCAGATCCAGCCGTTGTAGTGGTCCA
CCCTGGTGACCCCAGATCCAGCCGTTGTAGTGGTCCA
CCCTGGTGACCCCAGATCCAGCCGTTGTAGTGGTCCA
CCCTGGTGACCCCAGATCCAGCCGTTGTAGTGGTCCA
CCCTGGTGACCCCAGATCCAGCCGTTGTAGTGGTCCA
CCTGGTGACCCCAGATCCAGCCGTTGTAGTGGTCCA
CCCTGGTGACCCCAGATCCAGCCGTTGTAGTGGTCCA
CCCTGGTGACCCCAGATCCAGCCGTTGTAGTGGTCCA
CCCTGGTGACCCCAGATCCAGCCGTTGTAGTGGTCCA
CCCTGGTGACCCCAGATCCAGCCGTTGTAGTGGTCCA
CCCTGGTGACCCCAGATCCAGCCGTTGTAGTGGTCCA
CCCTGGTGACCCCAGATCCAGCCGTTGTAGTGGTCCA
CCCTGGTGACCCCAGATCCAGCCGTTGTAGTGGTCCA
CCCTGGTGACCCCAGATCCAGCCGTTGTAGTGGTCCA
CCCTGGTGACCCCAGATCCAGCCGTTGTAGTGGTCCA
CCCTGGTGACCCCAGATCCAGCCGTTGTAGTGTCCA
CCCTGGTGACCCCAGATCCAGCCGTTGTAGTGGTCCG
CCCTGGTGACCCCAGATCCAGCCGTTGTAGTGGTCCA
CCCTGGTGACCCCAGATCCAGCCGTTGTAGTGGTCCA
CCCTGGTGACCCCAGATCCAGCCGTTGTAGTGGTCCA
CCCTGGTGACCCCAGATCCAGCCGTTGTAGTGGTCCA
CCCTGGTGACCCCAGATCCAGCCGTTGTAGTGGTCCA
CCCTGGTGACCCCAGATCCAGCCGTTGTAGTGGTCCA
CCCTGGTGACCCCAGATCCAGCCGTTGTAGTGGTCCA
CCCTGGTGACCCCAGATCCAGCCGTTGTAGTGGTCCA
CCCTGGTGACCCCAGATCCAGCCGTTGTAGTGGTCCA
CCCTGGTGACCCCAGATCCAGCCGTTGTAGTGGTCCA
TCCCTGGTGACCCCAGATCCAGCCGTTGTAGTGGTCCA
CCCTGGTGACCCCAGATCCAGCCGTTGTAGTGGTCCA
CCCTGGTGACCCCAGATCCAGCCGTTGTAGTGGTCCA
CCCTGGTGACCCCAGATCCAGCCGTTGTAGTGGTCCA
CCCTGGTGACCCCAGATCCAGCCGTTGTAGTGGTCCA
CCCTGGTGACCCCAGATCCAGCCGTTGTAGTGGTCCA
CCCTGGTGACCCCAGGTCCA
CCCTGGTGACCCCAGATCCAGCCGTTGTAGTGGTCCA
CCCTGGTGACCCCAGATCCAGCCGTTGTAGTGGTCCA
CCCTGGTGACCCCAGATCCAGCCGTTGTAGTGGTCCA
CCTGGTGACCCCAGATCCAGCCGTTGTAGTGGTCCA
CCCTGGTGACCCCAGATCCAGCCGTTGTAGTGGTCCA
CCCTGGTGACCCCAGATCCAGCCGTTGTAGTGGTCCA
CCCTGGTGACCCCAGATCCAGCCGTTGTAGTGGTCCA
CCCTGGTGACCCCAGATCCAGCCGTTGTAGTGGTCCA
CCCTGGTGACCCCAGATCCAGCCGTTGTAGTGGTCCA
CCCTGGTGACCCCAGATCCAGCCGTTGTAGTGGTCCA
CCCTGGTGACCCCAGATCCAGCCGTTGTAGTGGTCCA
CCCTGGTGACCCCAGATCCAGCCGTTGTAGTGGTCCA
CCCTGGTGACCCCAGATCCAGCCGTTGTAGTGGTCCA
CCCTGGTGACCCCAGATCCAGCCGTTGTAGTGGTCCA
CCCTGGTGACCCCAGATCCAGCCGTTGTAGTGACCA
CCCTGGTGACCCCAGATCCAGCCGTTGTAGTGGTCCA
CCCTGGTGACCCCAGATCCAGCCGTTGTAGTGGTCCA
CCCTGGTGACCCCAGATCCAGCCGTTGTAGTGGTCCA
CCCTGGTGACCCCAGATCCAGCCGTTGTAGTGGTCCA
CCCTGGTGACCCCAGATCCAGCCGTTGTAGTGGTCCA
CCCTGGTGACCCCAGATCCAGCCGTTGTAGTGGTCCA
CCCTGGTGACCCCAGATCCAGCCGTTGTAGTGGTCCA
CCCTGGTGACCCCAGATCCAGCCGTTGTAGTGGTCCA
CCCTGGTGACCCCAGATCCAGCCGTTGTAGTGGTCCA
CCCTGGTGACCCCAGATCCAGCCGTTGTAGTGGTCCA
CCCTGGTGACCCCAGATCCAGCCGTTGTAGTGGTCCA
CCCTGGTGACCCCAGATCCAGCCGTTGTAGTGGTCCA
CCCTGGTGACCCCAGATCCAGCCGTTGTAGTGGTCCA
CCCTGGTGACCCCAGATCCAGCCGTTGTAGTGGTCCA
CCCTGGTGACCCCAGATCCAGCCGTTGTAGTGGTCCA
CCTGGTGACCCCAGATCCAGCCGTTGTAGTGGTCCA
CCCTGGTGACCCCAGATCCAGCCGTTGTAGTGGTCCA
CCCTGGTGACCCCAGATCCAGCCGTTGTAGTGGTCCA
CCCTGGTGACCCCAGATCCAGCCGTTGTAGTGGTCCA
CCCTGGTGACCCCAGATCCAGCCGTTGTAGTGGTCCA
CCCTGGTGACCCCAGATCCA
CCCTGGTGACCCCAGATCCAGCCGTTGTAGTGGTCCA
CCCTGGTGACCCCAGATCCAGCCGTTGTAGTGGTCCA
CCCTGGTGACCCCAGATCCAGCCGTTGTAGTGGTCCA
CCCTGGTGACCCCAGATCCAGCCGTTGTAGTGGTCCA
CCCTGGTGACCCCAGATCCAGCCGTTGTAGTGGTCCA
CCCTGGTGACCCCAGATCCAGCCGTTGTAGTGGTCCA
CCCTGGTGACCCTAGATCCAGCCGTTGTAGTGGTCCA
CCCTGGTGACCCCAGATCCAGCCGTTGTAGTGGTCCA
CCCTGGTGACCCCAGATCCAGCCGTTGTAGTGGTCCA
CCCTGGTGACCCCAGATCCAGCCGTTGTAGTGGTCCA
CCCTGGTGACCCCAGATCCAGCCGTTGTAGTGGTCCA
CCCTGGTGACCCCAGATCCAGCCGTTGTAGTGGTCCA
CCCTGGTGACCCCAGATCCAGCCGTTGTAGTGGTCCA
CCCTGGTGACCGCAGATCCAGCCGTTGTAGTGGTCCA
CCCTGGTGACCCCAGATCCAGCCGTTGTAGTGGTCCA
CCCTGGTGACCCCAGATCCAGCCGTTGTAGTGGTCCA
CCCTGGTGACCCCAGATCCAGCCGTTGTAGTGGTCCA
CCCTGGTGACCCCAGATCCAGCCGTTGTAGTGGTCCA
CCCTGGTGACCCCAGATCCAGCCGTTGTAGTGGTCCA
CCCTGGTGACCCCAGATCCAGCCGTTGTAGTGGTCCA
CCCTGGTGACCCCAGATCCAGCCGTTGTAGTGGTCCA
CCCTGGTGACCCCAGATCCAGCCGTTGTAGTGGTCCA
CCCTGGTGACCCCAGATCCAGCCGTTGTAGTGGTCCA
CCCTGGTGACCCCAGATCCAGCCGTTGTAGTGGTCCA
CCCTGGTGACCCCAGATCCAGCCGTTGTAGTGGTCCA
CCCTGGTGACCCCAGATCCAGCCGTTGTAGTGGTCCA
CCCTGGTGACCCCAGATCCAGCCGTTGTAGTGGTCCA
CCCTGGTGACCCCAGATCCAGCCGTTGTAGTGGTCCA
CCCTGGTGACCCCAGATCCAGCCGTTGTAGTGGTCCA
CCTGGTGACCCCAGATCCAGCCGTTGTAGTGGTCCA
CCCTGGTGACCCCAGATCCAGCCGTTGTAGTGGTCCA
CCCTGGTGACCCCAGATCCAGCCGTTGTAGTGGTCCA
CCCTGGTGACCCCAGATCCAGCCGTTGTAGTGGTCCA
CCCTGGTGACCCCAGATCCAGCCGTTGTAGTGTCCA
CCCTGGTGACCCCAGATCCAGCCGTTGTAGTGGTCCA
CCCTGGTGACCCCAGATCCAGCCGTTGTAGTGGTCCA
CCCTGGTAACCCAGATCCAGCCGTTGTAGTGGTCCA
CCCTGGTGACCCCAGATCCAGCCGTTGTAGTGGTCCA
CCCTGGTGACCCCAGATCCAGCCGTTGTAGTGGTCCA
CCCTGGTGACCCCAGATCCAGCCGTTGTAGTGGTCCA
CCCTGGTGACCCCAGATCCAGCCGTTGTAGTGGTCCA
CCCTGGTGACCCCAGATCCAGCCGTTGTAGTGGTCCA
CCCTGGTGACCCCAGATCCAGCCGTTGTAGTGGTCCA
CCCTGGTGACCCCAGATCCAGCCGTTGTAGTGGTCCA
CCCTGGTGACCCCAGATCCAGCCGTTGTAGTGGTCCA
CCCTGGTGACCCCAGATCCAGCCGTTGTAGTGGTCCA
CCCTGGTGACCCCAGATCCA
CCCTGGTGACCCCAGATCCAGCCGTTGTAGTGGTCCA
CCCTGGTGACCCCAGATCCAGCTGTTGTAGTGGTCCA
CCCTGGTGACCCCAGATCCAGCCGTTGTAGTGGTCCA
CCCTGGTGACCCCAGATCCAGCCGTTGTAGTGGTCCA
CCCTGGTGACCCCAGATCCAGCCGTTGTAGTGGTCCA
CCCTGGTGACCCCAGATCCAGCCGTTGTAGTGGTCCA
CCCTGGTGACCCCAGATCCAGCCGTTGTAGTGGTCCA
CCCTGGTGACCCCAGATCCAGCCGTTGTAGTGGTCCA
CCCTGGTGACCCCAGATCCAGCCGTTGTAGTGGTCCA
CCCTGGTGACCCCAGATCCAGCCGTTGTAGTGGTCCA
CCCTGGTGACCCCAGATCCAGCCGTTGTAGTGGTCCA
CCCTGGTGACCCCAGATCCAGCCGTTGTAGTGGTCCA
CCCTGGTGACCCCAGATCCAGCCGTTGTAGTGGTCCA
CCCTGGTGACCCCAGATCCAGCCGTTGTAGTGGTCCA
CCCTGGTGACCCCAGATCCAGCCGTTGTAGTGGTCCA
CCCTGGTGACCCCAGATCCAGCCGTTGTAGTGGTCCA
CCCTGGTGACCCCAGATCCAGCCGTTGTAGTGGTCCA
CCCTGGTGACCCCAGATCCAGCCGTTGTAGTGGTCCA
CCCTGGTGACCCCAGATCCAGCCGTTGTAGTGGTCCA
CCCTGGTGACCCCAGATCCAGCCGTTGTAGTGGTCCA
CCCTGGTGACCCCAGATCCAGCCGTTGTAGTGGTCCA
CCCTGGTGACCCCAGATCCAGCCGTTGTAGTGGTCCA
CCCTGGTGACCCCAGATCCAGCCGTTGTAGTGGTCCA
CCCTGGTGACCCCAGATCCAGCCGTTGTAGTGGTCCA
CCCTGGTGACCCCAGATCCAGCCGTTGTAGTGGTCCA
CCCTGGTGACCCCAGATCCAGCCGTTGTAGTGGTCCA
CCCTGGTGACCCCAGATCCAGCCGTTGTAGTGGTCCA
CCCTGGTGACCCCAGATCCAGCCGTTGTAGTGGTCCA
CCCTGGTGACCCCAGATCCAGCCGTTGTAGTGGTCCA
CCCTGGTGACCCCAGATCCAGCCGTTGTAGTGGTCCA
CCCTGGTGACCCCAGATCCAGCCGTTGTAGTGGTCCA
CCCTGGTGACCCCAGATCCAGCCGTTGTAGTGGTCCA
CCCTGGTGACCCTAGATCCAGCCGTTGTAGTGGTCCA
CCCTGGTGACCCCAGATCCAGCCGTTGTAGTGGTCCA
CCCTGGTGACCCCAGATCCAGCCGTTGTAGTGGTCCA
CCCTGGTGACCCCAGATCCAGCCGTTGTAGTGGTCCA
CCCTGGTGACCCCAGATCCAGCCGTTGTAGTGGTCCA
CCCTGGTGACCCCAGATCCAGCCGTTGTAGTGGTCCA
CCCTGGTGACCCCAGATCCAGCCGTTGTAGTGGTCCA
CCCTGGTGACCCCAGATCCAGCCGTTGTAGTGGTCCA
CCCTGGTGACCCCAGATCCAGCCGTTGTAGTGGTCCA
CCCTGGTGACCCCAGATCCAGCCGTTGTAGTGGTCCA
CCCTGGTGACCCCAGATCCAGCCGTTGTAGTGGTCCA
CCTGGTGACCCCAGATCCAGCCGTTGTAGTGGTCCA
CCCTGGTGACCCCAGATCCAGCCGTTGTAGTGGTCCA
CCCTGGTGACCCCAGATCCAGCCGTTGTAGTGGTCCA
CCCTGGTGACCCCAGATCCAGCCGTTGTAGTGGTCCA
CCCTGGTGACCCCAGATCCAGCCGTTGTAGTGGTCCA
CCCTGGTGACCCCAGATCCAGCCGTTGTAGTGGTCCA
CCCTGGTGACCCCAGATCCAGCCGTTGTAGTGGTCCA
CCCTGGTGACCCCAGATCCAGCCGTTGTAGTGGTCCA
CCCTGGTGACCCCAGATCCAGCCGTTGTAGTGGTCCA
CCCTGGTGACCCCAGATCCAGCCGTTGTAGTGGTCCA
CCCTGGTGACCCCAGATCCA
CCCTGGTGACCCCAGATCCAGCCGTTGTAGTGGTCCA
CCCTGGTGACCCCAGATCCAGCCGTTGTAGTGGTCCA
CCCTGGTGACCCCAGATCCAGCCGTTGTAGTGGTCCA
CCCTGGTGACCCCAGATCCAGCCGTTGTAGTGGTCCA
CCCTGGTGACCCCAGATCCAGCCGTTGTAGTGGTCCA
CCCTGGTGACCCCAGATCCAGCCGTTGTAGTGGTCCA
CCCTGGTGACCCCAGATCCAGCCGTTGTAGTGGTCCA
CCCTGGTGACCCCAGATCCAGCCGTTGTAGTGGTCCA
CCCTGGTGACCCCAGATCCAGCCGTTGTAGTGGTCCA
CCCTGGTGACCCCAGATCCAGCCGTTGTAGTGGTCCA
CCCTGGTGACCCCAGATCCAGCCACTAGTGGTCCA
CCCTGGTGACCCCAGATCCAGCCGTTGTAGTGGTCCA
CCCTGGTGACCCCAGATCCAGCCGTTGTAGTGGTCCA
CCCTGGTGACCCCAGATCCAGCCGTTGTAGTGGTCCA
CCCTGGTGACCCCAGATCCAGCCGTTGTAGTGGTCCA
CCCTGGTGACCCCAGATCCAGCCGTTGTAGTGGTCCA
CCCTGGTGACCCCAGATCCAGCCGTTGTAGTGGTCCA
CCCTGGTGACCCCAGATCCAGCCGTTGTAGTGGTCCA
CCCTGGTGACCCCAGATCCAGCCGTTGTAGTGGTCCA
CCCTGGTGACCCCAGATCCAGCCGTTGTAGTGGTCCA
CCCTGGTGACCCCAGATCCAGCCGTTGTAGTGGTCCA
CCCTGGTGACCCCAGATCCAGCCGTTGTAGTGGTCCA
CCCTGGTGACCCCAGATCCAGCCGTTGTAGTGGTCCA
CCCTGGTGACCCCAGATCCAGCCGTTGTAGTGGTCCA
CCCTGGTGACCCCAGATCCAGCCGTTGTAGTGGTCCA
CCCTGGTGACCCCAGATCCAGCCGTTGTAGTGGTCCA
CCCTGGTGACCCCAGATCCAGCCGTTGTAGTGGTCCA
CCCTGGTGACCCCAGATCCAGCCGTTGTAGTGGTCCA
CCCTGGTGACCCCAGATCCAGCCGTTGTAGTGGTCCA
CCCTGGTGACCCCAGATCCAGCCGTTGTAGTGGTCCA
CCCTGGTGACCCCAGATCCAGCCGTTGTAGTGGTCCA
CCCTGGTGACCCCAGATCCAGCCGTTGTAGTGGTCCA
CCCTGGTGACCCCAGATCCAGCCGTTGTAGTGGTCCA
CCCTGGTGACCCCAGATCCAGCCGTTGTAGTGGTCCA
CCCTGGTGACCCCAGATCCAGCCGTTGTAGTGGTCCA
CCCTGGTGACCCCAGATCCAGCCGTTGTAGTGGTCCA
CCCTGGTGACCCCAGATCCAGCCGTTGTAGTGGTCCA
CCCTGGTGACCCCAGGTCCA
CCCTGGTGACCCCAGATCCAGCCGTTGTAGTGGTCCA
CCCTGGTGACCCCAGATCCAGCCGTTGTAGTCGTCCA
CCCTGGTGACCCCAGATCCAGCCGTTGTAGTGGTCCA
CCCTGGTGACCCCAGATCCAGCCGTTGTAGTGGTCCA
CCCTGGTGACCCCAGATCCAGCCGTTGTAGTGGTCCA
CCCTGGTGACCCCAGGTCCA
CCCTGGTGACCCCAGATCCAGCCGTTGTAGTGGTCCA
CCCTGGTGACCCCAGATCCAGCCGTTGTAGTGGTCCA
CCCTGGTGACCCCAGATCCAGCCGTTGTAGTGGTCCA
CCCTGGTGACCCCAGATCCAGCCGTTGTAGTGGTCCA
CCCTGGTGACCCCAGATCCAGCCGTTGTAGTGGTCCA
CCCTGGTGACCCCAGATCCAGCCGTTGTAGTGGTCCA
CCCTGGTGACCCCAGATCCAGCCGTTGTAGTGGTCCA
CCCTGGTGACCCCAGATCCAGCCGTTGTAGTGGTCCA
CCCTGGTGACCCCAGATCCAGCCGTTGTAGTGGTCCA
CCCTGGTGACCCAGATCCAGCCGTTGTAGTGGTCCA
CCCTGGTGACCCCAGATCCAGCCGTTGTAGTGGTCCA
CCCTGGTGACCCCAGATCCAGCCGTTGTAGTGGTCCA
CCCTGGTGACCCCAGATCCAGCCGTTGTAGTGGTCCA
CCCTGGTGACCCCAGATCCAGCCGTTGTAGTGGTCCA
CCCTGGTGACCCCAGATCCAGCCGTTGTAGTGGTCCA
CCCTGGTGACCCCAGATCCAGCCGTTGTAGTGGTCCA
CCCTGGTGACCCCAGATCCAGCCGTTGTAGTGGTCCA
CCCTGGTGACCCCAGATCCAGCCGTTGTAGTGGTCCA
CCCTGGTGACCCCAGATCCAGCCGTTGTAGTGGTCCA
CCCTGGTGACCCCAGATCCAGCCGTTGTAGTGGTCCA
CCCTGGTGACCCCAGATCCAGCCGTTGTAGTGGTCCA
CCCTGGTGACCCCAGATCCAGCCGTTGTAGTGGTCCA
CCCTGGTGACCCCAGATCCAGCCGTTGTAGTGGTCCA
CCCTGGTGACCCCAGATCCAGCCGTTGTAGTGGTCCA
CCCTGGTGACCCCAGATCCAGCCGTTGTAGTGGTCCA
CCCTGGTGACCCCAGATCCAGCTGTTGTAGTGGTCCA
CCCTGGTGACCCCAGATCCAGCCGTTGTAGTGGTCCA
CCCTGGTGACCCCAGATCCAGCCGTTGTAGTGGTCCA
CCCTGGTGACCCCAGATCCAGCCGTTGTAGTGGTCCA
CCCTGGTGACCCCAGATCCAGCCGTTGTAGTGGTCCA
TCCCTGGTGACCCCAGATCCAGCCGTTGTAGTGGTCCA
CCCTGGTGACCCCAGATCCAGCCGTTGTAGTGGTCCA
CCCTGGTGACCCCAGATCCAGCCTTGTAGTGGTCCA
CCCTGGTGACCCCAGATCCAGCCGTTGTAGTGGTCCA
CCCTGGTGACCCCAGATCCAGCCGTTGTAGTGGTCCA
CCCTGGTGACCCCAGATCCAGCCGTTGTAGTGGTCCA
CCCTGGTGACCCCAGATCCAGCCGTTGTAGTGGTCCA
CCCTGGTGACCCCAGATCCAGCCGTTGTAGTGGTCCA
CCTGGTGACCCCAGATCCAGCCGTTGTAGTGGTCCA
CCCTGGTGACCCCAGATCCAGCCGTTGTAGTGGTCCA
CCCTGGTGACCCCAGATCCAGCCGTTGTAGTGGTCCA
CCCTGGTGACCCCAGATCCAGCCGTTGTAGTGGTCCA
CCCTGGTGACCCCAGATCCAGCCGTTGTAGTGGTCCA
CCCTGGTGACCCCAGATCCAGCCGTTGTAGTGGTCCA
CCCTGGTGACCCCAGATCCAGCCGTTGTAGTGGTCCA
CCCTGGTGACCCCAGATCCAGCCGTTGTAGTGGTCCA
CCCTGGTGACCCCAGATCCA
CCCTGGTGACCCCAGATCCAGCCGTTGTAGTGGTCCA
CCCTGGTGACCCCAGATCCAGCCGTTGTAGTGGTCCA
CCCTGGTGACCCCAGATCCAGCCGTTGTAGTGGTCCA
CCCTGGTGACCCCAGATCCAGCCGTTGTAGTGGTCCA
CCCTGGTGACCCCAGATCCAGCCGTTGTAGTGGTCCA
CCCTGGTGACCCCAGATCCAGCCGTTGTAGTGGTCCA
CCCTGGTGACCCCAGATCCAGCCGTTGTAGTGGTCCA
CCCTGGTGACCCCAGATCCAGCCGTTGTAGTGGTCCA
CCCTGGTGACCCCAGATCCAGCCGTTGTAGTGGTCCA
CCCTGGTGACCCCAGATCCAGCCGTTGTAGTGGTCCA
CCCTGGTGACCCCAGATCCAGCTGTTGTAGTGGTCCA
CCCTGGTGACCCCAGATCCAGCCGTTGTAGTGGTCCA
CCCTGGTGACCCCAGATCCAGCCGTTGTAGTGTCCA
CCCTGGTGACCCCAGATCCAGCCGTTGTAGTGGTCCA
CCCTGGTGACCCCAGATCCAGCCGTTGTAGTGGTCCA
CCCTGGTGACCCCAGATCCAGCCGTTGTAGTGGTCCA
CCCTGGTGACCCCAGATCCAGCCGTTGTAGTGGTCCA
CCCTGGTGACCCCAGATCCAGCCGTTGTAGTGGTCCA
CCCTGGTGACCCCAGATCCAGCCGTTGTAGTGGTCCA
CCCTGGTGACCCCAGATCCA
CCCTGGTGACCCCAGATCCAGCCGTTGTAGTGGTCCA
CCCTGGTGACCCCAGATCCAGCCGTTGTAGTGGTCCA
CCCTGGTGACCCCAGATCCAGCCGTTGTAGTGGTCCA
CCCTGGTGACCCCAGATCCAGCTGTTGTAGTGGTCCA
CCCTGGTGACCCTAGATCCAGCCGTTGTAGTGGTCCA
CCCTGGTGACCCCAGATCCAGCCGTTGTAGTGGTCCA
CCCTGGTGACCCCAGATCCAGCCGTTGTAGTGGTCCA
CCCTGGTGACCCCAGATCCAGCCGTTGTAGTGGTCCA
CCCTGGTGACCCCAGATCCAGCCGTTGTAGTGGTCCA
CCCTGGTGACCCCAGATCCAGCCGTTGTAGTGGTCCA
CCCTGGTGACCCCAGATCCAGCCGTTGTAGTGGTCCA
CCCTGGTGACCCCAGATCCAGCCGTTGTAGTGGTCCA
CCCTGGTGACCCCAGATCCAGCCGTTGTAGTGGTCCA
CCCTGGTGACCCCAGATCCAGCCGTTGTAGTGGTCCA
CCCTGGTGACCCCAGATCCAGCCGTTGTAGTGGTCCA
CCCTGGTGACCCCAGATCCAGCCGTTGTAGTGGTCCA
CCCTGGTGACCCCAGATCCAGCCGTTGTAGTGGTCCA
CCCTGGTGACCCCAGATCCAGCCGTTGTAGTGGTCCA
CCCTGGTGACCCCAGATCCAGCCGTTGTAGTGGTCCA
CCCTGGTGACCCCAGATCCAGCCGTTGTAGTGGTCCA
CCCTGGTGACCCCAGATCCAGCCGTTGTAGTGGTCCA
CCCTGGTGACCCCAGATCCAGCCGTTGTAGTGGTCCA
AGGCCAGCATGCGCCGCCACTCTCGCGATGGACTT
CCCTGGTGACCCCAGATCCAGCCGTTGTAGTGGTCCA
CCCTGGTGACCCCAGATCCAGCCGTTGTAGTGGTCCA
CCCTGGTGACCCCAGATCCAGCCGTTGTAGTGGTCCA
CCCTGGTGACCCCAGATCCAGCCGTTGTAGTGGTCCA
CCCTGGTGACCCCAGATCCAGCCGTTGTAGTGGTCCA
CCCTGGTGACCCCAGATCCAGCCGTTGTAGTGGTCCA
CCCTGGTGACCCCAGATCCAGCCGTTGTAGTGGTCCA
CCCTGGTGACCCCAGATCCAGCCGTTGTAGTGGTCCA
CCCTGGTGACCCCAGATCCAGCCGTTGTAGTGGTCCA
CCCTGGTGACCCCAGATCCAGCCGTTGTAGTGGTCCA
CCCTGGTGACCCCAGATCCAGCCGTTGTAGTGGTCCA
CCCTGGTGACCCCAGATCCAGCCGTTGTAGTGGTCCA
CCCTGGTGACCCCAGATCCAGCCGTTGTAGTGGTCCA
CCCTGGTGACCCCAGATCCAGCCGTTGTAGTGGTCCA
CCCTGGTGACCCCAGATCCAGCCGTTGTAGTGGTCCA
CCCTGGTGACCCCAGATCCAGCCGTTGTAGTGGTCCA
CCCTGGTGACCCCAGATCCAGCCGTTGTAGTGGTCCA
CCCTGGTGACCCCAGATCCAGCCGTTGTAGTGGTCCA
CCCTGGTGACCCCAGATCCAGCCGTTGTAGTGGTCCA
CCCTGGTGACCCCAGATCCAGCCGTTGTAGTGGTCCA
CCCTGGTGACCCCAGATCCAGCCGTTGTAGTGGTCCA
CCCTGGTGACCCCAGATCCAGCCGTTGTAGTGGTCCA
CCCTGGTGACCCCAGATCCAGCCGTTGTAGTGGTCCA
CCCTGGTGACCCCAGATCCAGCCGTTGTAGTGGTCCA
CCCTGGTGACCCCAGATCCAGCCGTTGTAGTGGTCCA
CCCTGGTGACCCCAGATCCAGCCGTTGTAGTGGTCCA
CCCTGGTGACCCCAGATCCAGCCGTTGTAGTGGTCCA
CCCTGGTGACCCCAGATCCAGCCGTTGTAGTGTCCA
CCCTGGTGACCCCAGATCCAGCCGTTGTAGTGGTCCA
CCCTGGTGACCCCAGATCCAGCCGTTGTAGTGGTCCA
CCCTGGTGACCCCAGATCCAGCCGTTGTAGTGGTCCA
CCCTGGTGACCCCAGATCCAGCCGTTGTAGTGGTCCA
CCCTGGTGAGCCCAGATCCAGCCGTTGTAGTGGTCCA
CCCTGGTGGCCCCAGATCCAGCCGTTGTAGTGGTCCA
CCCTGGTGACCCCAGATCCAGCCGTTGTAGTGGTCCA
CCCTGGTGACCCCAGATCCAGCCGTTGTAGTGGTCCA
CCCTGGTGACCCCAGATCCAGCCGTTGTAGTGGTCCA
CCCTGGTGACCCCAGATCCAGCCGTTGTAGTGGTCCA
CCCTGGTGACCCCAGATCCAGCCGTTGTAGTGGTCCA
CCCTGGTGACCCCAGATCCAGCCGTTGTAGTGGTCCA
CCCTGGTGACCCCAGATCCAGCCGTTGTAGTGGTCCA
CCCTGGTGACCCCAGATCCAGCCGTTGTAGTGGTCCA
CCCTGGTGACCCCAGATCCAGCCGTTGTAGTGGTCCA
CCCTGGTGACCCCAGATCCAGCGGTTGTAGTGGTCCA
CCCTGGTGACCCCAGATCCAGCCGTTGTAGTGGTCCA
CCCTGGTGACCCCAGATCCAGCCGTTGTAGTGGTCCA
CCCTGGTGACCCCAGATCCAGCCGTTGTAGTGGTCCA
CCCTGGTGACCCCAGATCCAGCCGTTGTAGTGGTCCA
CCCTGGTGACCCCAGATCCAGCCGTTGTAGTGGTCCA
CCCTGGTGACCCCAGATCCAGCCGTTGTAGTGGTCCA
CCCTGGTGACCCCAGATCCAGCCGTTGTAGTGGTCCA
CCCTGGTGACCCCAGATCCAGCCGTTGTAGTGGTCCA
CCCTGGTGACCCCAGATCCAGCCGTTGTAGTGGTCCA
CCCTGGTGACCCCAGATCCAGCCGTTGTAGTGGTCCA
CCCTGGTGACCCCAGATCCAGCCGTTGTAGTGGTCCA
CCCTGGTGACCCCAGATCCAGCCGTTGTAGTGGTCCA
CCCTGGTGACCCCAGATCCAGCCGTTGTAGTGGTCCA
CCCTGGTGACCCCAGATCCAGCCGTTGTAGTGGTCCA
CCCTGGTGACCCCAGATCCAGCCGTTGTAGTGGTCCA
CCCTGGTGACCCCAGATCCAGCCGTTGTAGTGGTCCA
CCCTGGTGACCCCAGATCCAGCCGTTGTAGTGGTCCA
CCCTGGTGACCCCAGATCCAGCCGTTGTAGTGGTCCA
CCCTGGTGACCCCAGATCCAGCCGTTGTAGTGGTCCA
CCCTGGTGACCCCAGATCCAGCCGTTGTAGTGGTCCA
CCCTGGTGACCCCAGATCCAGCCGTTGTAGTGGTCCA
CCCTGGTGACCCCAGATCCAGCCGTTGTAGTGGTCCA
CCCTGGTGACCCCAGATCCAGCCGTTGTAGTGGTCCA
CCCTGGTGACCCCAGATCCAGCCGTTGTAGTGGTCCA
CCCTGGTGACCCCAGATCCAGCCGTTGTAGTGGTCCA
CCCTGGTGACCCCAGATCCAGCCGTTGTAGTGGTCCA
CCCTGGTGACCCCAGATCCAGCCGTTGTAGTGGTCCA
CCCTGGTGACCCCAGATCCAGCCGTTGTAGTGGTCCA
CCCTGGTGACCCCAGATCCAGCCGTTGTAGTGGTCCA
CCCTGGTGACCCCAGATCCAGCCGTTGTAGTGGTCCA
CCCTGGTGACCCCAGATCCAGCCGTTGTAGTGGTCCA
CCCTGGTGACCCCAGATCCAGCCGTTGTAGTGGTCCA
CCCTGGTGACCCCAGATCCAGCCGTTGTAGTGGTCCA
CCCTGGTGACCCCAGATCCAGCCGTTGTAGTGGTCCA
CCCTGGTGACCCCAGATCCAGCCGTTGTAGTGGTCCA
CCCTGGTGACCCCAGATCCAGCCGTTGTAGTGGTCCA
CCCTGGTGACCCCAGATCCAGCCGTTGTAGTGGTCCA
CCCTGGTGACCCCAGATCCAGCCGTTGTAGTGGTCCA
CCCTGGTGACCCCAGATCCAGCCGTTGTAGTGGTCCA
CCCTGGTGACCCCAGATCCAGCCGTTGTAGTGGTCCA
CCCTGGTGACCCCAGATCCAGCCGTTGTAGTGGTCCA
CCCTGGTGACCCCAGATCCAGCCGTTGTAGTGGTCCA
CCCTGGTGACCCCAGATCCAGCCGTTGTAGTGGTCCA
CCCTGGTGACCCCAGATCCAGCCGTTGTAGTGGTCCA
CCCTGGTGACCCCAGATCCAGCCGTTGTAGTGGTCCA
CCTGGTGACCCCAGATCCAGCCGTTGTAGTGGTCCA
CCCTGGTGACCCCAGATCCAGCCGTTGTAGTGGTCCA
CCCTGGTGACCCCAGGTCCA
CCCTGGTGACCCCAGATCCAGCCGTTGTAGTGGTCCA
CCCTGGTGACCCCAGATCCAGCCGTTGTAGTGTCCA
CCCTGGTGACCCCAGATCCAGCCGTTGTAGTGGTCCA
CCCTGGTGACCCCAGATCCAGCCGTTGTAGTGGTCCA
CCCTGGTGACCCCAGATCCAGCCGTTGTAGTGGTCCA
CCCTGGTGACCCCAGGTCCA
CCCTGGTGACCCCAGATCCAGCCGTTGTAGTGGTCCA
CCTGGTGACCCCAGATCCAGCCGTTGTAGTGGTCCA
CCCTGGTGACCCCAGATCCAGCCGTTGTAGTGGTCCA
CCCTGGTGACCCCAGATCCAGCCGTTGTAGTGTCCA
CCCTGGTGACCCCAGATCCAGCCGTTGTAGTGGTCCA
CCCTGGTGACCCCAGATCCAGCCGTTGTAGTGGTCCA
CCCTGGTGACCCCAGATCCAGCCGTTGTAGTGGTCCA
CCCTGGTGACCCCAGATCCAGCCGTTGTAGTGGTCCA
CCCTGGTGACCCCAGATCCAGCCGTTGTAGTGGTCCA
CCCTGGTGACCCCAGATCCAGCCGTTGTAGTGGTCCA
CCCTGGTGACCCCAGATCCAGCCTTGTAGTGGTCCA
CCCTGGTGACCCCAGATCCAGCCGTTGTAGTGGTCCA
CCCTGGTGACCCCAGATCCAGCCGTTGTAGTGGTCCA
CCCTGGTGACCCCAGATCCAGCCGTTGTAGTGGTCCA
CCCTGGTGACCCCAGATCCAGCCGTTGTAGTGGTCCA
CCCTGGTGACCCCAGATCCAGCCGTTGTAGTGGTCCA
CCCTGGTGACCCCAGATCCAGCCGTTGTAGTGGTCCA
CCCTGGTGACCCTAGATCCAGCCGTTGTAGTGGTCCA
CCCTGGTGACCCCAGATCCAGCCGTTGTAGTGGTCCA
CCCTGGTGACCCCAGATCCAGCCGTTGTAGTGGTCCA
CCCTGGTGACCCCAGATCCAGCCGTTGTAGTGTCCA
CCCTGGTGACCCCAGATCCAGCCGTTGTAGTGGTCCA
CCCTGGTGACCCCAGATCCAGCCGTTGTAGTGGTCCA
CCCTGGTGACCCCAGATCCAGCCGTTGTAGTGGTCCA
CCCTGGTGACCCCAGATCCAGCCGTTGTAGTGGTCCA
CCCTGGTGACCCCAGATCCAGCCGTTGTAGTGGTCCA
CCCTGGTGACCCCAGATCCAGCCGTTGTAGTGGTCCA
CCTGGTGACCCCAGATCCAGCCGTTGTAGTGGTCCA
CCCTGGTGACCCCAGATCCAGCCGTTGTAGTGGTCCA
CCCTGGTGACCCCAGATCCAGCCGTTGTAGTGGTCCA
CCCTGGTGACCCAGATCCAGCCGTTGTAGTGGTCCA
CCCTGGTGACCCCAGATCCAGCCGTTGTAGTGGTCCA
CCCTGGTGACCCCAGATCCAGCCGTTGTAGTGGTCCA
CCCTGGTGACCCCAGATCCAGCCGTTGTAGTGGTCCA
CCCTGGTGACCCCAGATCCAGCCGTTGTAGTGGTCCA
CCCTGGTGACCCCAGATCCAGCCGTTGTAGTGGTCCA
CCCTGGTGACCCCAGATCCAGCCGTTGTAGTGGTCCA
CCCTGGTGACCCCAGATCCAGCCGTTGTAGTGGTCCA
CCCTGGTGACCCCAGATCCAGCCGTTGTAGTGGTCCA
CCCTGGTGACCCCAGATCCAGCCGTTGTAGTGGTCCA
CCCTGGTGACCCCAGATCCAGCCGTTGTAGTGGTCCA
CCCTGGTGACCCCAGATCCAGCCGTTGTAGTGGTCCA
CCCTGGTGACCCCAGATCCAGCCGTTGTAGTGGTCCA
CCCTGGTGACCCCAGATCCAGCCGTTGTAGTGGTCCA
CCCTGGTGACCCCAGATCCAGCCGTTGTAGTGGTCCA
CCCTGGTGACCCCAGATCCAGCCGTTGTAGTGGTCCA
CCCTGGTGACCCCAGATCCAGCCGTTGTAGTGGTCCA
CCCTGGTGACCCCAGATCCAGCCGTTGTAGTGGTCCA
CCCTGGTGACCCCAGATCCAGCCGTTGTAGTGGTCCA
CCCTGGTGACCCCAGATCCAGCCGTTGTAGTGGTCCA
CCCTGGTGACCCCAGATCCAGCCGTTGTAGTGGTCCA
CCCTGGTGACCCCAGATCCAGCCGTTGTAGTGGTCCA
CCCTGGTGACCCCAGATCCAGCCGTTGTAGTGGTCCA
CCCTGGTGACCCCAGATCCAGCCGTTGTAGTGGTCCA
CCCTGGTGACCCCAGATCCAGCCGTTGTAGTGGTCCA
CCCTGGTGACCCCAGATCCAGCCGTTGTAGTGGTCCA
CCCTGGTGACCCCAGATCCAGCCGTTGTAGTGGTCCA
CCCTGGTGACCCCAGATCCAGCCGTTGTAGTGGTCCA
CCCTGGTGACCCCAGATCCAGCCGTTGTAGTGGTCCA
CCCTGGTGACCCCAGATCCAGCCGTTGTAGTGGTCCA
CCCTGGTGACCCCAGATCCAGCCGTTGTAGTGGTCCA
CCCTGGTGACCCCAGATCCAGCCGTTGTAGTGGTCCA
CCCTGGTGACCCCAGATCCAGCCGTTGTAGTGGTCCA
CCTGGTGACCCCAGATCCAGCCGTTGTAGTGGTCCA
CCCTGGTGACCCCAGATCCAGCCGTTGTAGTGGTCCA
CCCTGGTGACCCCAGATCCAGCCGTTGTAGTGGTCCA
CCCTGGTGACCCCAGATCCAGCCGTTGTAGTGGTCCA
CCCTGGTGACCCCAGATCCAGCCGTTGTAGTGGTCCA
CCCTGGTGACCCCAGATCCAGCCGTTGTAGTGGTCCA
CCCTGGTGACCCCAGATCCAGCCGTTGTAGTGGTCCA
CCCTGGTGACCCCAGATCCAGCCGTTGTAGTGGTCCA
CCCTGGTGACCCCAGGTCCA
CCCTGGTGACCCCAGATCCA
CCCTGGTGACCCCAGATCCAGCCGTTGTAGTGGTCCA
CCCTGGTGACCCCAGATCCAGCCGTTGTAGTGGTCCA
CCCTGGTGACCCCAGATCCAGCCGTTGTAGTGGTCCA
CCCTGGTGACCCCAGATCCAGCCGTTGTAGTGGTCCA
CCCTGGTGACCCCAGATCCAGCCGTTGTAGTGGTCCA
CCCTGGTGACCCCAGGTCCA
CCCTGGTGACCCCAGATCCAGCCGTTGTAGTGGTCCA
CCCTGGTGACCCCAGATCCAGCCGTTGTAGTGGTCCA
CCCTGGTGACCCCAGATCCAGCCGTTGTAGTGGTCCA
CCCTGGTGACCCCAGATCCAGCCGTTGTAGTGGTCCA
CCCTGGTGACCCCAGATCCAGCCGTTGTAGTGTCCA
CCCTGGTGACCCCAGATCCAGCCTTGTAGTGGTCCA
CCCTGGTGACCCCAGATCCAGCCGTTGTAGTGGTCCA
CCCTGGTGACCCCAGATCCAGCCGTTGTAGTGGTCCA
CCCTGGTGACCCCAGATCCAGCCGTTGTAGTGGTCCA
CCTGGTGACCCCAGATCCAGCCGTTGTAGTGGTCCA
CCCTGGTGACCCCAGATCCAGCCGTTGTAGTGGTCCA
CCCTGGTGACCCCAGATCCAGCCGTTGTAGTGGTCCA
CCCTGGTGACCCCAGATCCAGCCGTTGTAGTGGTCCA
CCCTGGTGACCCCAGATCCAGCCGTTGTAGTGGTCCA
CCCTGGTGACCCCAGATCCAGCCGTTGTAGTGGTCCA
CCCTGGTGACCCCAGATCCAGCCGTTGTAGTGGTCCA
CCCTGGTGACCCCAGATCCAGCCGTTGTAGTGGTCCA
CCCTGGTGACCCCAGATCCAGCCGTTGTAGTGGTCCA
CCCTGGTGACCCTAGATCCAGCCGTTGTAGTGGTCCA
CCCTGGTGACCCCAGATCCAGCCGTTGTAGTGGTCCA
CCCTGGTGACCCCAGATCCAGCCGTTGTAGTGGTCCA
CCCTGGTGACCCCAGATCCAGCCGTTGTAGTGGTCCA
CCCTGGTGACCCCAGATCCAGCCGTTGTAGTGGTCCA
CCCTGGTGACCCCAGATCCAGCCGTTGTAGTGGTCCA
CCCTGGTGACCCCAGATCCAGCCGTTGTAGTGGTCCA
CCCTGGTGACCCCAGATCCAGCCGTTGTAGTGGTCCA
CCCTGGTGACCCCAGATCCAGCCGTTGTAGTGGTCCA
CCCTGGTGACCCCAGATCCAGCCGTTGTAGTGGTCCA
CCCTGGTGACCCCAGGTCCA
CCCTGGTGACCCCAGATCCAGCCGTTGTAGTGGTCCA
CCCTGGTGACCCCAGATCCAGCCGTTGTAGTGGTCCA
CCCTGGTGACCCCAGATCCAGCCGTTGTAGTGGTCCA
CCCTGGTGACCCCAGATCCAGCCGTTGTAGTGGTCCA
CCCTGGTGACCCCAGATCCAGCCGTTGTAGTGGTCCA
CCCTGGTGACCCCAGATCCAGCCGTTGTAGTGGTCCA
CCCTGGTGACCCCAGATCCAGCCGTTGTAGTGGTCCA
CCCTGGTGACCCCAGATCCAGCCGTTGTAGTGGTCCA
CCCTGGTGACCCCAGATCCAGCCGTTGTAGTGGTCCA
CCCTGGTGACCCCAGATCCAGCCGTTGTAGTGGTCCA
CCCTGGTGACCCCAGATCCAGCCGTTGTAGTGGTCCA
CCCTGGTGACCCCAGATCCAGCCGTTGTAGTGGTCCA
CCCTGGTGACCCCAGATCCAGCCGTTGTAGTGGTCCA
CCCTGGTGACCCCAGATCCAGCCGTTGTAGTGGTCCA
CCCTGGTGACCCCAGATCCAGCCGTTGTAGTGGTCCA
CCCTGGTGACCCCAGATCCAGCCGTTGTAGTGGTCCA
CCCTGGTGACCCCAGATCCAGCCGTTGTAGTGGTCCA
CCCTGGTGACCCCAGATCCAGCCTTGTAGTGGTCCA
CCCTGGTGACCCCAGATCCAGCCGTTGTAGTGGTCCA
CCCTGGTGACCCCAGATCCAGCCGTTGTAGTGGTCCA
CCCTGGTGACCCCAGATCCAGCCGTTGTAGTGGTCCA
CCCTGGTGACCCCAGATCCAGCCGTTGTAGTGGTCCA
CCCTGGTGACCCCAGATCCAGCCGTTGTAGTGGTCCA
CCCTGGTGACCCCAGATCCAGCCGTTGTAGTGGTCCA
CCCTGGTGACCCCAGATCCAGCCGTTGTAGTGGTCCA
CCCTGGTGACCCCAGATCCAGCCGTTGTAGTGGTCCA
CCCTGGTGACCCCAGATCCAGCCGTTGTAGTGGTCCA
CCCTGGTGACCCCAGATCCAGCCGTTGTAGTGGTCCA
CCCTGGTGACCCCAGATCCAGCCGTTGTAGTGGTCCA
CCCTGGTGACCCCAGATCCAGCCGTTGTAGTGGTCCA
CCCTGGTGACCCCAGATCCAGCCGTTGTAGTGGTCCA
CCCTGGTGACCCCAGATCCAGCCGTTGTAGTGGTCCA
CCCTGGTGACCCCAGATCCAGCCGTTGTAGTGGTCCA
CCCTGGTGACCCCAGATCCAGCCGTTGTAGTGGTCCA
CCCTGGTGACCCCAGATCCAGCTGTTGTAGTGGTCCA
CCCTGGTGACCCCAGATCCAGCCGTTGTAGTGGTCCA
CCCTGGTGACCCCAGATCCAGCCGTTGTAGTGGTCCA
CCCTGGTGACCCCAGATCCAGCCGTTGTAGTGGTCCA
CCCTGGTGACCCCAGATCCAGCCGTTGTAGTGGTCCA
CCCTGGTGACCCCAGATCCAGCCGTTGTAGTGGTCCA
CCCTGGTGACCCCAGATCCAGCCGTTGTAGTGGTCCA
CCCTGGTGACCCCAGATCCAGCCGTTGTAGTGGTCCA
CCCTGGTGACCCCAGATCCAGCCGTTGTAGTGGTCCA
CCCTGGTGACCCCAGATCCAGCCGTTGTAGTGGTCCA
CCCTGGTGACCCCAGATCCAGCCGTTGTAGTGGTCCA
CCCTGGTGACCCCAGATCCAGCCGTTGTAGTGGTCCA
CCCTGGTGACCCCAGATCCAGCCGTTGTAGTGGTCCA
CCCTGGTGACCCCAGATCCAGCCGTTGTAGTGTCCA
CCCTGGTGACCCCAGATCCAGCCGTTGTAGTGGTCCA
CCCTGGTGACCCCAGATCCAGCCGTTGTAGTGGTCCA
CCCTGGTGACCCCAGATCCAGCCGTTGTAGTGGTCCA
CCCTGGTGACCCCAGATCCAGCCGTTGTAGTGGTCCA
CCCTGGTGACCCCAGATCCAGCCGTTGTAGTGGTCCA
CCCTGGTGACCCCAGATCCAGCCGTTGTAGTGGTCCA
CTCTGGTGACCCCAGATCCAGCCGTTGTAGTGGTCCA
CCCTGGTGACCCCAGATCCAGCCGTTGTAGTGGTCCA
CCCTGGTGACCCCAGATCCAGCCGTTGTAGTGGTCCA
CCCTGGTGACCCCAGATCCAGCCGTTGTAGTGGTCCA
CCCTGGTGACCCCAGATCCAGCCGTTGTAGTGGTCCA
CCCTGGTGACCCCAGATCCAGCCGTTGTAGTGGTCCA
CCCTGGTGACCCCAGATCCAGCCGTTGTAGTGGTCCA
CCCTGGTGACCCCAGATCCAGCCGTTGTAGTGGTCCA
CCCTGGTGACCCCAGATCCAGCCGTTGTAGTGGTCCA
CCCTGGTGACCCCAGATCCAGCCGTTGTAGTGGTCCA
CCCTGGTGACCCCAGATCCAGCCGTTGTAGTGGTCCA
CCCTGGTGACCCCAGATCCAGCCGTTGTAGTGGTCCA
CCCTGGTGACCCCAGATCCAGCCGTTGTAGTGGTCCA
CCCTGGTGACCCCAGATCCAGCCGTTGTAGTGGTCCA
CCCTGGTGACCCCAGATCCAGCCGTTGTAGTGGTCCA
CCCTGGTGACCCCAGATCCAGCCGTTGTAGTGGTCCA
CCCTGGTGACCCCAGATCCAGCCGTTGTAGTGGTCCA
CCCTGGTGACCCCAGATCCAGCCGTTGTAGTGGTCCA
CCCTGGTGACCCCAGATCCAGCCGTTGTAGTGGTCCA
CCCTGGTGACCCCAGATCCAGCCGTTGTAGTGGTCCA
CCCTGGTGACCCCAGATCCAGCCGTTGTAGTGGTCCA
CCCTGGTGACCCCAGATCCAGCCGTTGTAGTGGTCCA
CCCTGGTGACCCCAGATCCAGCCGTTGTAGTGGTCCA
TCCCTGGTGACCCCAGATCCAGCCGTTGTAGTGGTCCA
CCCTGGTGACCCCAGATCCAGCCGTTGTAGTGGTCCA
CCCTGGTGACCCCAGATCCAGCCGTTGTAGTGGCCCA
CCCTGGTGACCCCAGATCCAGCCGTTGTAGTGGTCCA
CCCTGGTGACCCCAGATCCAGCCGTTGTAGTGTCCA
CCCTGGTGACCCCAGATCCAGCCGTTGTAGTGGTCCA
CCTGGTGACCCCAGATCCAGCCGTTGTAGTGGTCCA
CCCTGGTGACCCCAGATCCAGCCGTTGTAGTGGTCCA
CCCTGGTGACCCCAGATCCAGCCGTTGTAGTGGTCCA
CCCTGGTGACCCCAGATCCAGCCGTTGTAGTGGTCCA
CCCTGGTGACCCCAGATCCAGCCGTTGTAGTGGTCCA
CCCTGGTGACCCCAGATCCAGCCGTTGTAGTGGTCCA
CCCTGGTGACCCCAGATCCAGCCGTTGTAGTGGTCCA
CCCTGGTGACCCCAGATCCAGCCGTTGTAGTGGTCCA
CCCTGGTGACCCCAGATCCAGCCGTTGTAGTGGTCCA
CCCTGGTGACCCCAGATCCAGCCGTTGTAGTGGTCCA
CCCTGGTGACCCCAGATCCAGCCGTTGTAGTGGTCCA
CCCTGGTGACCCCAGATCCAGCCGTTGTAGTGGTCCA
CCCTGGTGACCCCAGATCCAGCCGTTGTAGTGGTCCA
CCCTGGTGACCCCAGATCCAGCCGTTGTAGTGGTCCA
CCCTGGTGACCCCAGATCCAGCCGTTGTAGTGGTCCA
CCCTGGTGACCCCAGATCCAGCCGTTGTAGTGGTCCA
CCCTGGTGACCCGAGATCCAGCCGTTGTAGTGGTCCA
CCCTGGTGACCCCAGATCGGCTCGCTGGGCAC
CCCTGGTGACCCCAGGTCCA
CCCTGGTGACCCCAGATCCAGCCGTTGTAGTGGTCCA
CCCTGGTGACCCCAGATCCAGCCGTTGTAGTGGTCCA
CCCTGGTGACCCCAGATCCAGCCGTTGTAGTGGTCCA
CCCTGGTGACCCCAGATCCAGCCGTTGTAGTGGTCCA
CCCTGGTGACCCCAGATCCAGCCGTTGTAGTGGTCCA
CCCTGGTGACCCCAGATCCAGCCGTTGTAGTGTCCA
CCCTGGTGACCCCAGATCCAGCCGTTGTAGTGGTCCA
CCCTGGTGACCCCAGATCCAGCCGTTGTAGTGGTCCA
CCCTGGTGACCCTAGATCCAGCCGTTGTAGTGGTCCA
CCCTGGTGACCCCAGATCCAGCCGTTGTAGTGGTCCA
CCCTGGTGACCCCAGATCCAGCCGTTGTAGTGGTCCA
CCCTGGTGACCCCAGATCCAGCCGTTGTAGTGGTCCA
CCCTGGTGACCCCAGATCCAGCCGTTGTAGTGGTCCA
CCCTGGTGACCCCAGATCCAGCCGTTGTAGTGGTCCA
CCCTGGTGACCCCAGATCCAGCCGTTGTAGTGGTCCA
CCCTGGTGACCCCAGATCCAGCCGTTGTAGTGGTCCA
CCCTGGTGACCCCAGGTCCA
CCCTGGTGACCCCAGATCCAGCCGTTGTAGTGGTCCA
CCCTGGTGACCCCAGATCCAGCCTTGTAGTGGTCCA
CCCTGGTGACCCCAGATCCAGCCGTTGTAGTGGTCCA
CCCTGGTGACCCCAGATCCAGCCGTTGTAGTGGTCCA
CCCTGGTGACCCCAGATCCAGCCGTTGTAGTGGTCCA
CCCTGGTGACCCCAGATCCAGCCGTTGCTAGTGGTCCA
CCCTGGTGACCCCAGATCCAGCCGTTGTAGTGGCCCA
CCCTGGTGACCCCAGATCCAGCCGTTGTAGTGGTCCA
CCCTGGTGACCCCAGGTCCA
CCCTGGTGACCCCAGATCCAGCCGTTGTAGTGGTCCA
CCCTGGTGACCCCAGATCCAGCCGTTGTAGTGGTCCA
CCCTGGTGACCCCAGATCCAGCCGTTGTAGTGGTCCA
CCCTGGTGACCCCAGATCCAGCCGTTGTAGTGGTCCA
CCCTGGTGACCCCAGATCCAGCCGTTGTAGTGGTCCA
CCCTGGTGACCCCAGATCCAGCCGTTGTAGTGGTCCA
TCCCTGGTGACCCCAGATCCAGCCGTTGTAGTGGTCCA
CCCTGGTGACCCCAGATCCAGCCGTTGTAGTGGTCCA
CCCTGGTGACCCCAGATCCAGCCGTTGTAGTGGTCCA
CCCTGGTGACCCCAGATCCAGCCGTTGTAGTGGTCCA
CCCTGGTGACCCCAGATCCAGCCGTTGTAGTGGTCCA
CCCTGGTGCCCCCAGATCCAGCCGTTGTAGTGGTCCA
CCCTGGTGACCCCAGATCCAGCCGTTGTAGTGGTCCA
CCCTGGTGACCCCAGATCCAGCCACTAGTGGTCCA
CCCTGGTGACCCCAGATCCAGCCGTTGTAGTGGTCCA
CCCTGGTGACCCCAGATCCAGCCGTTGTAGTGGTCCA
CCCTGGTGACCCCAGATCCAGCCGTTGTAGTGGTCCA
CCCTGGTGACCCCAGATCCAGCCGTTGTAGTGGTCCA
CCCTGGTGACCCCAGATCCAGCCGTTGTAGTGGTCCA
CCCTGGTGACCCCAGATCCAGCCGTTGTAGTGGTCCA
CCCTGGTGACCCCAGATCCAGCCGTTGTAGTGGTCCA
CCCTGGTGACCCCAGATCCAGCCGTTGTAGTGGTCCA
CCCTGGTGACCCCAGATCCAGCCACTAGTGGTCCA
CCCTGGTGACCCCAGATCCAGCCGTTGTAGTGGTCCA
CCCTGGTGACCCCAGATCCAGCCGTTGTAGTGGTCCA
CCCTGGTGACCCCAGATCCAGCCGTTGTAGTGGTCCA
CCCTGGTGACCCCAGATCCAGCCGTTGTAGTGGTCCA
CCCTGGTGACCCCAGATCCAGCCGTTGTAGTGGTCCA
CCCTGGTGACCCCAGATCCAGCCGTTGTAGTGGTCCA
CCCTGGTGACCCCAGATCCAGCCGTTGTAGTGGTCCA
CCCTGGTGACCCCAGATCCAGCCGTTGTAGTGGTCCA
CCCTGGTGACCCCAGATCCAGCCGTTGTAGTGGTCCA
CCCTGGTGACCCCAGATCCAGCCGTTGTAGTGGTCCA
CCCTGGTGACCCCAGATCCAGCCGTTGTAGTGGTCCA
CCCTGGTGACCCCAGATCCAGCCGTTGTAGTGGTCCA
CCCTGGTGACCCCAGATCCAGCCGTTGTAGTGGTCCA
CCCTGGTGACCCCAGATCCAGCCGTTGTAGTGGTCCA
CCCTGGTGACCCCAGATCCAGCCGTTGTAGTGGTCCA
CCCTGGTGACCCCAGATCCAGCCGTTGTAGTGGTCCA
CCCTGGTGACCCCAGATCCAGCCGTTGTAGTGGTCCA
CCCTGGTGACCCCAGATCCAGCCGTTGTAGTGGTCCA
CCCTGGTGACCCCAGATCCAGCCGTTGTAGTGGTCCA
CCCTGGTGACCCCAGATCCAGCCGTTGTAGTGGTCCA
CCCTGGTGACCCCAGATCCAGCCGTTGTAGTGGTCCA
CCCTGGTGACCCCAGATCCAGCCGTTGTAGTGGTCCA
CCCTGGTGACCCCAGATCCAGCCGTTGTAGTGGTCCA
CCCTGGTGACCCCAGATCCAGCCGTTGTAGTGGTCCA
CCCTGGTGACCCCAGATCCAGCCGTTGTAGTGGTCCA
CCCTGGTGACCCCAGATCCAGCCGTTGTAGTGGTCCA
CCCTGGTGACCCCAGATCCAGCCGTTGTAGTGGTCCA
CCCTGGTGACCCCAGATCCAGCCGTTGTAGTGTCCA
CCCTGGTGACCCCAGATCCAGCCGTTGTAGTGGTCCA
CCCTGGTGACCCCAGATCCAGCCGTTGTAGTGGTCCA
CCCTGGTGACCCCAGGTCCA
CCCTGGTGACCCCAGATCCAGCCGTTGTAGTGGTCCA
CCCTGGTGACCCCAGATCCAGCCGTTGTAGTGGTCCA
CCCTGGTGACCCCAGATCCAGCCGTTGTAGTGTCCA
CCCTGGTGACCCCAGATCCAGCCGTTGTAGTGGTCCA
CCCTGGTGACCCCAGATCCAGCCGTTGTAGTGGTCCA
CCCTGGTGACCCCAGATCCAGCCGTTGTAGTGGTCCA
CCCTGGTGACCCCAGATCCAGCCGTTGTAGTGGTCCA
CCCTGGTGCCCCCAGATCCAGCCGTTCTAGTGGTCCA
CCCTGGTGACCCCAGATCCAGCCGTTGTAGTGGTGCA
CCCTGGTGACCCCAGATCCAGCCGTTGTAGTGGTCCA
CCCTGGTGACCCCAGATCCAGCCGTTGTAGTGGTCCA
CCCTGGTGACCCCAGATCCAGCCGTTGTAGTGTCCA
CCCTGGTGACCCCAGATCCAGCCGTTGTAGTGGTCCA
CCCTGGTGACCCCAGATCCAGCCGTTGTAGTGGTCCA
CCCTGGTGACCCCAGATCCAGCCTTGTAGTGGTCCA
CCCTGGTGACCCCAGATCCAGCCGTTGTAGTGGTCCA
CCCTGGTGACCCCAGATCCAGCCGTTGTAGTGGTCCA
CCCTGGTGACCCCAGATCCAGCCGTTGTAGTGGTCCA
CCCTGGTGACCCCAGATCCAGCCGTTGTAGTGGTCCA
CCCTGGTGACGCCAGATCCAGCCGTTGTAGTGGTCCA
CCCTGGTGACCCCAGATCCAGCTGTTGTAGTGGTCCA
CCTTGGTGACCCCAGATCCAGCCGTTGTAGTGGTCCA
CCCTGGTGACCCCAGATCCAGCCGTTGTAGTGGTCCA
CCCTGGTGACCCCAGATCCAGCCGTTGTAGTGGTCCA
CCCTGGTGACCCCAGATCCAGCCGTTGTAGTGGTCCA
CCCTGGTGACCCCAGATCCAGCCGTTGTAGTGGTCCA
CCCTGGTGACCCCAGATCCAGCCGTTGTAGTGGTCCA
CCCTGGTGACCCCAGATCCAGCCGTTGTAGTGGTCCA
CCCTGGTGACCCCAGATCCAGCCGTTGTAGTGGTCCA
CCCTGGTGACCCCAGATCCAGCCGTTGTAGTGGTCCA
CCCTGGTGACCCCAGATCCAGCCGTTGCTAGTGGTCCA
CCCTGGTGACCCCAGATCCAGCCGTTGTAGTGGTCCA
CCCTGGTGACCCCAGATCCAGCCGTTGTAGTGGTCCA
CCTTGGTGACCCCAGATCCAGCCGTTGTAGTGGTCCA
CCCTGGTGACCCCAGATCCAGCCGTTGTAGTGGTCCA
CCCTGGTGACCCCAGATCCAGCCGTTGTAGTGGACCA
CCCTGGTGACCCCAGATCCAGCCGTTGTAGTGGTCCA
CCCTGGTGACCCCAGATCCAGCCGTTGTAGTGGTCCA
CCCTGGTGACCCCAGATCCAGCCGTTGTAGTGGTCCA
CCCTGGTGACCCCAGATCCAGCCGTTGTAGTGGTCCA
CCCTGGTGACCCCAGATCCAGCCGTTGTAGTGGTCCA
CCCTGGTGACCCCAGATCCAGCCGTTGTAGTGGTCCA
CCCTGGTGACCCCAGATCCAGCCGTTGTAGTGTCCA
CCCTGGTGACCCCAGATCCAGCCGTTGTAGTGGTCCA
CCCTGGTGACCCCAGATCCAGCCGTTGTAGTGGTCCA
CCCTGGTGACCCCAGGTCCA
CCCTGGTGACCCCAGATCCAGCCGTTGTAGTGGTCCA
CCCTGGTGACCCCAGATCCAGCCGTTGTAGTGGTCCA
CCCTGGTGACCCCAGATCCAGCCGTTGTAGTGGTCCA
CCCTGGTGACCCCAGATCCAGCCGTTGTAGTGGTCCA
CCCTGGTGACCCCAGATCCAGCCGTTGTAGTGGTCCA
CCCTGGTGACCCCAGATCCA
CCCTGGTGACCCCAGATCCAGCCGTTGTAGTGGTCCA
CCCTGGTGACCCCAGATCCAGCCGTTGTAGTGGTCCA
CCCTGGTGACCCCAGATCCAGCCGTTGTAGTGGTCCA
CCCTGGTGACCCCAGACCCAGCCGTTGTAGTGGTCCA
CCCTGGTGACCCCAGATCCAGCCTTGTAGTGGTCCA
CCCTGGTGACCCCAGATCCAGCCGTTGTAGTGGTCCA
CCCTGGTGACCCCAGATCCAGCCGTTGTAGTGGTCCA
CCCTGGTGACCCCAGGTCCA
CCCTGGTGACCCCAGATCCAGCCGTTGTAGTGGTCCA
CCCTGGTGACCCCAGATCCAGCCGTTGTAGTGGTCCA
CCCTGGTGACCCCAGATCCAGCCGTTGTAGTGGTCCA
CCCTGGTGACCCCAGATCCAGCCGTTGTAGTGGTCCA
CCCTGGTGACCCCAGATCCAGCCGTTGTAGTGGTCCA
CCCTGGTGACCCCAGATCCAGCCGTTGTAGTGGTCCA
CCCTGGTGACCCCAGATCCAGCCGTTGTAGTGGTCCA
CCCTGGTGACCCCAGATCCAGCCGTTGTAGTGGTCCA
CCCTGGTGTCCCCAGATCCAGCCGTTGTAGTGGTCCA
CCCTGGTGACCCCAGATCCAGCCGTTGTAGTGGTCCA
CCCTGGTGACCCCAGATCCAGCCGTTGTAGTGGTCCA
CCCTGGTGACCCCAGATCCAGCCGTTGTAGTGGTCCA
CCCTGGTGACCCCAGATCCAGCCGTTGTAGTGGTCCA
CCCTGGTGACCCCAGGTCCA
CCCTGGTGACCCCAGATCCAGCCGTTGTAGTGGTCCA
CCCTGGTGACCCCAGATCCAGCCGTTGTAGTGGTCCA
CCCTGGTGACCCCAGATCCAGCCGTTGTAGTGGTCCA
CCCTGGTGACCCCAGATCCAGCCGTTGTAGTGGTCCA
CCCTGGTGACCCCAGGTCCA
CCCTGGTGACCCTAGATCCAGCCGTTGTAGTGGTCCA
CCCTGGTGACCCCAGATCCAGCCGTTGTAGTGGTCCG
CCCTGGTGACCCCAGATCCAGCCGTTGTAGTGGTCCA
CCCTGGTGACCCCAGATCCAGCCGTTGCTAGTGGTCCA
CCCTGGTGACCCCAGATCCAGCCGTTGTAGTGGTCCA
CCCTGGTGACCCCAGATCCAGCCGTTGTAGTGGTCCA
CCCTGGTGACCCCAGATCCAGCCGTTGTAGTGGTCCA
CCCTGGTGACCCCAGATCCAGCCGTTGTAGTGGTCCA
CCCTGGTGACCCCAGATCCAGCCTTGTAGTGGTCCA
CCCTGGTGACCCCAGATCCAGCCGTTGTAGTGGTCCA
CCCTGGTGACCCCAGATCCAGCCGTTGTAGTGGTCCA
CCCTGGTGACCCCAGATCCAGCCGTTGTAGTGGTCCA
CCCTGGTGACCCCAGATCCAGCCGTTGTAGTGGTCCA
CCCTGGTGACCCTAGATCCAGCCGTTGTAGTGGTCCA
CCCTGGTGACCCCAGATCCAGCCGTTGTAGTGGTCCA
CCCTGGTGACCCCAGATCCAGCCGTTGTAGTGGTCCA
CCCTGGTGACCCCAGATCCAGCCGTTGTAGTGGTCCA
CCCTGGTGACCCCAGATCCAGCCGTTGTAGTGGTCCA
CCCTGGTGACCCCAGATCCAGCCGTTGTAGTGGTCCA
CCCTGGTGACCCCAGATCCAGCCGTTGTAGTGGTCCA
CCCTGGTGACCCCAGATCCAGCCGTTGTAGTGGTCCA
CCCTGGTGACCCCAGATCCAGCCGTTGTAGTGGTCCA
CCCTGGTGACCCCAGATCCAGCCGTTGTAGTGGTCCA
CCCTGGTGACCCCAGATCCAGCCGTTGTAGTGGTCCA
CCCTGGTGACCCTAGATCCAGCCGTTGTAGTGGTCCA
CCCTGGTGACCCCAGATCCAGCCGTTGTAGTGGTCCA
CCCTGGTGACCCCAGATCCAGCCGTTGTAGTGGTCCA
CCCTGGTGACCCCAGATCCAGCCGTTGTAGTGGTCCA
CCCTGGTGACCCCAGATCCAGCCGTTGTAGTGGTCCA
CCCTGGTGACCCCAGATCCAGCCGTTGTAGTGGTCCA
CCCTGGTGACCCCAGATCCAGCCGTTGTAGTGGTCCA
CCCTGGTGACCCCAGATCCAGCCGTTGTAGTGGTCCA
CCTGGTGACCCCAGATCCAGCCGTTGTAGTGGTCCA
CCCTGGTGACCCCAGATCCAGCCGTTGTAGTGGTCCA
CCCTGGTGACCCCAGATCCAGCCGTTGTAGTGGTCCA
CCCTGGTGACCCCAGATCCAGCCGTTGTAGTGGTCCA
CCCTGGTGACCCCAGATCCAGCCACTAGTGGTCCA
CCCTGGTGACCCCAGATCCAGCCGTTGTAGTGGTCCA
CCCTGGTGACCCCAGATCCAGCTGTTGTAGTGGTCCA
CCCTGGTGACCCCAGATCCAGCCGTTGTAGTGGTCCA
CCCTGGTGACCCCAGATCCAGCCGTTGTAGTGGTCCA
CCCTGGTGACCCCAGATCCAGCCGTTGTAGTGGTCCA
CCCTGGTGACCCCAGATCCAGCCGTTGTAGTGGTCCA
CCCTGGTGACCCCAGATCCAGCCGTTGTAGTGGTCCA
CCCTGGTGACCCCAGATCCAGCCGTTGTAGTGGTCCA
CCCTGGTGACCCCAGATCCAGCCGTTGTAGTGGTCCA
CCCTGGTGACCCCAGATCCAGCCGTTGTAGTGGTCCA
CCCTGGTGACCCCAGATCCAGCCGTTGTAGTGGCCCA
CCCTGGTGACCCCAGATCCAGCCGTTGTAGTGGTCCA
CCCTGGTGACCCCAGATCCAGCCGTTGTAGTGGTCCA
CCCTGGTGACCCCAGATCCAGCCGTTGTAGTGGTCCA
CCCTGGTGACCCCAGATCCAGCCGTTGTAGTGGTCCA
CCCTGGTGACCCCAGATCCAGCCGTTGTAGTGGTCCA
CCCTGGTGACCCCAGATCCAGCCTTGTAGTGGTCCA
CCCTGGTGACCCCAGATCCAGCCGTTGTAGTGGTCCA
CCCTGGTGACCCCAGATCCAGCCGTTGTAGTGGTCCA
CCCTGGTGACCCCAGATCCAGCCGTTGTAGTGGTCCA
CCCTGGTGACCCCAGATCCAGCCGTTGTAGTGGTCCA
CCCTGGTGACCCCAGATCCAGCCGTTGTAGTGGTCCA
CCCTGGTGACCCCAGATCCAGCCGTTGTAGTGGTCCA
CCCTGGTGACCCCAGATCCAGCCGTTGTAGTGGTCCA
CCCTGGTGACCCCAGATCCAGCCGTTGTAGTGGTCCA
CCCTGGTGACCCCAGGTCCA
CCCTGGTGACCCCAGATCCAGCCGTTGTAGTGGTCCA
CCCTGGTGACCCCAGATCCAGCCGTTGTAGTGTCCA
CCCTGGTGACCCCAGATCCAGCCGTTGTAGTGGTCCA
CCCTGGTGACCCCAGATCCAGCCGTTGTAGTGGTCCA
CCCTGGTGACCCCAGATCCAGCCGTTGTAGTGGTCCA
CCCTGGTGACCCCAGATCCAGCCGTTGTAGTGGTCCA
CCCTGGTGACCCCAGATCCAGCCGTTGTAGTGGTCCA
CCCTGGTGACCCCAGATCCAGCCGTTGTAGTGGTCCA
CCCTGGTGACCCCAGATCCAGCCGTTGTAGTGGTCCA
CCCTGGTGACCCCAGATCCAGCCGTTGTAGTGGTCCA
CCCTGGTGACCCCAGATCCAGCCGTTGTAGTGGTCCA
CCCTGGTGACCCCAGATCCAGCCGTTGTAGTGGTCCA
CCCTGGTGACCCCAGATCCAGCCGTTGTAGTGGTCCA
CCCTGGTGACCCCAGATCCAGCCGTTGTAGTGGTCCA
CCCTGGTGACCCCAGATCCAGCCGTTGTAGTGGTCCA
CCCTGGTGACCCCAGATCCAGCCGTTGTAGTGGTCCA
CCCTGGTGACCCCAGATCCAGCCGTTGTAGTGGTCCA
CCCTGGTGACCCCAGATCCAGCCGTTGTAGTGGTCCA
CCCTGGTGACCCCAGATCCAGCCGTTGTAGTGGTCCA
CCCTGGTGACCCCAGATCCA
CCCTGGTGACCCCAGATCCAGCCGTTGTAGTGGTCCA
CCCTGGTGACCCCAGATCCAGCCGTTGTAGTGGTCCG
CCCTGGTGACCCCAGATCCAGCCGTTGTAGTGGTCCA
CCCTGGTGACCCCAGATCCAGCCGTTGTAGTGGTCCA
CCCTGGTGACCCCAGATCCAGCCGTTGTAGTGGTCCA
CCCTGGTGACCCCAGATCCAGCCGTTGTAGTGGTCCA
CCCTGGTGACCCCAGATCCA
CCCTGGTGACCCCAGATCCAGCCGTTGTAGTGGTCCA
CCCTGGTGACCCCAGATCCAGCCGTTGTAGTGGTCCA
CCCTGGTGACCCCAGATCCAGCCGTTGTAGTGGTCCA
CCCTGGTGACCCCAGATCCAGCCTTGTAGTGGTCCA
CCCTGGTGACCCCAGATCCAGCCGTTGTAGTGGTCCA
CCCTGGTGACCCCAGATCCAGCCGTTGTAGTGGTCCA
CCCTGGTGCCCCCAGATCCAGCCGTTGTAGTGGTCCA
CCCTGGTGACCCCAGATCCAGCCTTTGTAGTGGTCCA
CCCTGGTGACCCCAGATCCAGCCGTTGTAGTGGTCCA
CCCTGGTGACCCCAGATCCAGCCGTTGTAGTGGTCCA
CCCTGGTGACCCCAGATCCAGCCGTTGTAGTGGTCCA
CCCTGGTGACCCCAGATCCAGCCGTTGTAGTGGTCCA
CCCTGGTGACCCCAGATCCAGCCGTTGTAGTGGTCCA
CCCTGGTGACCCCAGATCCAGCCGTTGTAGTGGTCCA
CCCTGGTGACCCCAGATCCAGCCTTGTAGTGGTCCA
CCCTGGTGACCCCAGATCCAGCCGTTGTAGTGGTCCA
CCGTGGTGACCCCAGATCCAGCCGTTGTAGTGGTCCA
CCCTGGTGACCCCAGATCCAGCCGTTGTAGTGGTCCA
CCCTGGTGACCCCAGATCCAGCCGTTGTAGTGGTCCA
CCCTGGTGCCCCCAGATCCAGCCGTTGTAGTGGTCCA
CCCTGGTGACCCCAGATCCAGCCGTTGTAGTGGTCCA
CCCTGGTGACCCCAGATCCAGCCGTTGTAGTGGTCCA
CCCTGGTGACCCCAGATCCAGCCGTTGTAGTGGTCCA
CCCTGGTGACCCCAGATCCAGCCGTTGTAGTGGTCCA
CCCTGGTGACCCCAGATCCAGCCGTTGTAGTGGTCCA
CCCTGGTGACCCCAGATCCAGCCGTTGTAGTGGTCCA
CCCTGGTGACCCCAGATCCAGCCGTTGTAGTGGTCCA
CCCTGGTGACCCCAGATCCAGCCGTTGTAGTGGTCCA
CCCTGGTGACCCCAGATCCAGCCGTTGTAGTGGTCCA
CCCTGGTGACCCCAGATCCAGCCTTGTAGTGGTCCA
CCCTGGTGACCCCAGATCCAGCCGTTGTAGTGGTCCA
CCCTGGTGACCCCAGATCCAGCCGTTGTAGTGGTCCA
CCCTGGTGACCCCAGATCCAGCCACTAGTGGTCCA
CCCTGGTGACCCCAGATCCAGCCGTTGTAGTGGTCCA
CCCTGGTGACCCCAGATCCAGCCGTTGTAGTGGTCCA
CCCTGGTGACCCCAGATCCAGCCGTTGTAGTGGTCCA
CCCTGGTGACCCCAGATCCAGCCGTTGTAGTGGTCCA
CCCTGGTGACCCCAGATCCAGCCGTTGTAGTGGTCCA
CCCTGGTGACCCCAGATCCAGCCGTTGTAGTGGTCCA
CCCTGGTGACCCCAGATCCAGCCGTTGTAGTGGTCCA
CCCTGGTGACCCCAGATCCAGCCGTTGTAGTGGTCCA
CCCTGGTGACCCCAGATCCAGCCGTTGTAGTGGTCCA
CCCTGGTGACCCCAGATCCAGCCGTTGTAGTGGTCCA
CCCTGGTGACCCCAGATCCAGCCGTTGTAGTGGTCCA
CCCTGGTGACCCCAGATCCAGCCGTTGTAGTGGTCCA
CCCTGGTGACCCCAGATCCAGCCGTTGTAGTGGTCCA
CCCTGGTGACCCCAGATCCAGCCGTTGTAGTGGTCCA
CCCTGGTGACCCCAGATCCAGCCGTTGTAGTGGTCCA
CCCTGGTGACCCCAGATCCAGCCGTTGTAGTGGTCCA
CCCTGGTGACCCCAGATCCAGCCGTTGTAGTGGTCCA
CCCTGGTGACCCCAGATCCAGCCGTTGTAGTGGTCCA
CCCTGGTGACCCCAGATCCAGCCGTTGTAGTGGTCCA
CCCTGGTGACCCCAGATCCAGCTGTTGTAGTGGTCCA
CCCTGGTGACCCCAGATCCAGCCGTTGTAGTGGTCCA
CCCTGGTGACCCCAGATCCAGCCGTTGTAGTGTCCA
CCCTGGTGACCCCAGATCCAGCCGTTGTAGTGGTCCA
CCCTGGTGACCCCAGGTCCA
CCCTGGTGACCCCAGATCCAGCCGTTGTAGTGGTCCA
CCCTGGTGACCCCAGATCCAGCCGTTGTAGTGGTCCA
CCCTGGTGACCCCAGATCCAGCCGTTGTAGTGGTCCA
CCCTGGTGACCCCAGATCCAGCCGTTGTAGTGGTCCA
CGCTGGTGACCCCAGATCCAGCCGTTGTAGTGGTCCA
CCCTGGTGACCCCAGATCCAGCCGTTGTAGTGGTCCA
CCCTGGTGACCCCAGATCCAGCCGTTGTAGTGGTCCA
